DEPRECATION WARNING: Defining a route where `to` is a controller without an action is deprecated. Please change `to: :static_pages/home` to `controller: :static_pages/home`. (called from block in <top (required)> at /Users/xiangpan/Documents/px/Programming/GitHub/HackPSU/config/routes.rb:2)


Started GET "/" for ::1 at 2015-03-28 15:10:00 -0400
Processing by StaticPagesController#home as HTML
  Rendered static_pages/home.html.erb within layouts/application (1.9ms)
Completed 200 OK in 1793ms (Views: 1761.3ms | ActiveRecord: 0.0ms)


Started GET "/assets/application-5266d2988799ecc8fe6e81eaab412e7d.css?body=1" for ::1 at 2015-03-28 15:10:02 -0400


Started GET "/assets/static_pages-64e62ddc273c2f5847f30d698ca14b67.css?body=1" for ::1 at 2015-03-28 15:10:02 -0400


Started GET "/assets/application-d77e26a9db634716dc7025f7c9ba9139.js?body=1" for ::1 at 2015-03-28 15:10:02 -0400


Started GET "/assets/jquery_ujs-e27bd20a10d28155845a22d71ef94f2f.js?body=1" for ::1 at 2015-03-28 15:10:02 -0400


Started GET "/assets/jquery-87424c3c19e96d4fb033c10ebe21ec40.js?body=1" for ::1 at 2015-03-28 15:10:02 -0400


Started GET "/assets/turbolinks-d9dcd5206ee131f11181e8ca09537148.js?body=1" for ::1 at 2015-03-28 15:10:02 -0400


Started GET "/assets/static_pages-fcec5b5a277ac7c20cc9f45a209a3bcd.js?body=1" for ::1 at 2015-03-28 15:10:02 -0400


Started GET "/assets/static_pages-64e62ddc273c2f5847f30d698ca14b67.css?body=1" for ::1 at 2015-03-28 15:10:13 -0400


Started GET "/" for ::1 at 2015-03-28 15:11:24 -0400
Processing by StaticPagesController#home as HTML
  Rendered static_pages/home.html.erb within layouts/application (0.1ms)
Completed 200 OK in 182ms (Views: 181.1ms | ActiveRecord: 0.0ms)


Started GET "/assets/custom-d54420b249d7ab047f9aa5bf976ad8af.css?body=1" for ::1 at 2015-03-28 15:11:24 -0400


Started GET "/assets/jquery-87424c3c19e96d4fb033c10ebe21ec40.js?body=1" for ::1 at 2015-03-28 15:11:24 -0400


Started GET "/assets/application-6b6e7908be656160a2e9b21bbb4eeab5.css?body=1" for ::1 at 2015-03-28 15:11:24 -0400


Started GET "/assets/jquery_ujs-e27bd20a10d28155845a22d71ef94f2f.js?body=1" for ::1 at 2015-03-28 15:11:24 -0400


Started GET "/assets/static_pages-fcec5b5a277ac7c20cc9f45a209a3bcd.js?body=1" for ::1 at 2015-03-28 15:11:24 -0400


Started GET "/assets/turbolinks-d9dcd5206ee131f11181e8ca09537148.js?body=1" for ::1 at 2015-03-28 15:11:24 -0400


Started GET "/assets/static_pages-64e62ddc273c2f5847f30d698ca14b67.css?body=1" for ::1 at 2015-03-28 15:11:24 -0400


Started GET "/assets/application-d77e26a9db634716dc7025f7c9ba9139.js?body=1" for ::1 at 2015-03-28 15:11:24 -0400


Started GET "/" for ::1 at 2015-03-28 15:15:00 -0400
Processing by StaticPagesController#home as HTML
  Rendered static_pages/home.html.erb within layouts/application (2.6ms)
Completed 200 OK in 573ms (Views: 551.3ms | ActiveRecord: 0.0ms)


Started GET "/assets/users-fcec5b5a277ac7c20cc9f45a209a3bcd.js?body=1" for ::1 at 2015-03-28 15:15:01 -0400


Started GET "/assets/users-64e62ddc273c2f5847f30d698ca14b67.css?body=1" for ::1 at 2015-03-28 15:15:01 -0400


Started GET "/assets/application-c030fd008d439d284143eb512ecd0569.js?body=1" for ::1 at 2015-03-28 15:15:01 -0400


Started GET "/assets/static_pages-64e62ddc273c2f5847f30d698ca14b67.css?body=1" for ::1 at 2015-03-28 15:15:01 -0400


Started GET "/assets/application-6b6e7908be656160a2e9b21bbb4eeab5.css?body=1" for ::1 at 2015-03-28 15:15:01 -0400


Started GET "/assets/custom-d54420b249d7ab047f9aa5bf976ad8af.css?body=1" for ::1 at 2015-03-28 15:15:01 -0400


Started GET "/assets/jquery-87424c3c19e96d4fb033c10ebe21ec40.js?body=1" for ::1 at 2015-03-28 15:15:01 -0400


Started GET "/assets/jquery_ujs-e27bd20a10d28155845a22d71ef94f2f.js?body=1" for ::1 at 2015-03-28 15:15:01 -0400


Started GET "/assets/turbolinks-d9dcd5206ee131f11181e8ca09537148.js?body=1" for ::1 at 2015-03-28 15:15:01 -0400


Started GET "/assets/static_pages-fcec5b5a277ac7c20cc9f45a209a3bcd.js?body=1" for ::1 at 2015-03-28 15:15:01 -0400


Started GET "/" for ::1 at 2015-03-28 15:15:02 -0400
Processing by StaticPagesController#home as HTML
  Rendered static_pages/home.html.erb within layouts/application (0.1ms)
Completed 200 OK in 77ms (Views: 76.7ms | ActiveRecord: 0.0ms)


Started GET "/assets/users-64e62ddc273c2f5847f30d698ca14b67.css?body=1" for ::1 at 2015-03-28 15:15:02 -0400


Started GET "/assets/custom-d54420b249d7ab047f9aa5bf976ad8af.css?body=1" for ::1 at 2015-03-28 15:15:02 -0400


Started GET "/assets/jquery-87424c3c19e96d4fb033c10ebe21ec40.js?body=1" for ::1 at 2015-03-28 15:15:02 -0400


Started GET "/assets/static_pages-64e62ddc273c2f5847f30d698ca14b67.css?body=1" for ::1 at 2015-03-28 15:15:02 -0400


Started GET "/assets/application-6b6e7908be656160a2e9b21bbb4eeab5.css?body=1" for ::1 at 2015-03-28 15:15:02 -0400


Started GET "/assets/jquery_ujs-e27bd20a10d28155845a22d71ef94f2f.js?body=1" for ::1 at 2015-03-28 15:15:02 -0400


Started GET "/assets/turbolinks-d9dcd5206ee131f11181e8ca09537148.js?body=1" for ::1 at 2015-03-28 15:15:02 -0400


Started GET "/assets/static_pages-fcec5b5a277ac7c20cc9f45a209a3bcd.js?body=1" for ::1 at 2015-03-28 15:15:02 -0400


Started GET "/assets/users-fcec5b5a277ac7c20cc9f45a209a3bcd.js?body=1" for ::1 at 2015-03-28 15:15:02 -0400


Started GET "/assets/application-c030fd008d439d284143eb512ecd0569.js?body=1" for ::1 at 2015-03-28 15:15:02 -0400
  [1m[36m (37.8ms)[0m  [1mCREATE TABLE "schema_migrations" ("version" varchar NOT NULL) [0m
  [1m[35m (0.2ms)[0m  select sqlite_version(*)
  [1m[36m (6.0ms)[0m  [1mCREATE UNIQUE INDEX "unique_schema_migrations" ON "schema_migrations" ("version")[0m
  [1m[35mActiveRecord::SchemaMigration Load (0.2ms)[0m  SELECT "schema_migrations".* FROM "schema_migrations"
Migrating to CreateUsers (20150328191610)
  [1m[36m (0.1ms)[0m  [1mbegin transaction[0m
  [1m[35m (0.5ms)[0m  CREATE TABLE "users" ("id" INTEGER PRIMARY KEY AUTOINCREMENT NOT NULL, "name" varchar, "email" varchar, "created_at" datetime NOT NULL, "updated_at" datetime NOT NULL) 
  [1m[36mSQL (0.2ms)[0m  [1mINSERT INTO "schema_migrations" ("version") VALUES (?)[0m  [["version", "20150328191610"]]
  [1m[35m (5.0ms)[0m  commit transaction
  [1m[36mActiveRecord::SchemaMigration Load (0.1ms)[0m  [1mSELECT "schema_migrations".* FROM "schema_migrations"[0m
  [1m[36m (0.3ms)[0m  [1mbegin transaction[0m
  [1m[35m (0.2ms)[0m  rollback transaction
  [1m[36mActiveRecord::SchemaMigration Load (0.2ms)[0m  [1mSELECT "schema_migrations".* FROM "schema_migrations"[0m
Migrating to AddIndexToUsersEmail (20150328191937)
  [1m[35m (0.1ms)[0m  begin transaction
  [1m[36m (0.1ms)[0m  [1mselect sqlite_version(*)[0m
  [1m[35m (0.3ms)[0m  CREATE UNIQUE INDEX "index_users_on_email" ON "users" ("email")
  [1m[36mSQL (0.2ms)[0m  [1mINSERT INTO "schema_migrations" ("version") VALUES (?)[0m  [["version", "20150328191937"]]
  [1m[35m (5.5ms)[0m  commit transaction
  [1m[36mActiveRecord::SchemaMigration Load (0.1ms)[0m  [1mSELECT "schema_migrations".* FROM "schema_migrations"[0m
  [1m[35m (0.1ms)[0m              SELECT sql
            FROM sqlite_master
            WHERE name='index_users_on_email' AND type='index'
            UNION ALL
            SELECT sql
            FROM sqlite_temp_master
            WHERE name='index_users_on_email' AND type='index'

  [1m[36mActiveRecord::SchemaMigration Load (0.1ms)[0m  [1mSELECT "schema_migrations".* FROM "schema_migrations"[0m
Migrating to AddPasswordDigestToUsers (20150328192109)
  [1m[35m (0.1ms)[0m  begin transaction
  [1m[36m (0.9ms)[0m  [1mALTER TABLE "users" ADD "password_digest" varchar[0m
  [1m[35mSQL (0.3ms)[0m  INSERT INTO "schema_migrations" ("version") VALUES (?)  [["version", "20150328192109"]]
  [1m[36m (5.4ms)[0m  [1mcommit transaction[0m
  [1m[35mActiveRecord::SchemaMigration Load (0.1ms)[0m  SELECT "schema_migrations".* FROM "schema_migrations"
  [1m[36m (0.1ms)[0m  [1m            SELECT sql
            FROM sqlite_master
            WHERE name='index_users_on_email' AND type='index'
            UNION ALL
            SELECT sql
            FROM sqlite_temp_master
            WHERE name='index_users_on_email' AND type='index'
[0m
  [1m[36m (0.3ms)[0m  [1mbegin transaction[0m
  [1m[35m (0.1ms)[0m  SAVEPOINT active_record_1
  [1m[36mUser Exists (0.1ms)[0m  [1mSELECT  1 AS one FROM "users" WHERE LOWER("users"."email") = LOWER('michael@example.com') LIMIT 1[0m
  [1m[35mSQL (21.5ms)[0m  INSERT INTO "users" ("name", "email", "password_digest", "created_at", "updated_at") VALUES (?, ?, ?, ?, ?)  [["name", "Michael Hartl"], ["email", "michael@example.com"], ["password_digest", "$2a$10$vMj9Ok11sAh6lkDkglJL/O5QuRXhkI/0vShuWcRsvlF0zT2opJuq6"], ["created_at", "2015-03-28 19:24:17.936406"], ["updated_at", "2015-03-28 19:24:17.936406"]]
  [1m[36m (0.1ms)[0m  [1mRELEASE SAVEPOINT active_record_1[0m
  [1m[35m (5.1ms)[0m  rollback transaction
  [1m[36m (0.1ms)[0m  [1mSELECT COUNT(*) FROM "users"[0m
  [1m[35m (0.1ms)[0m  begin transaction
  [1m[36mUser Exists (0.2ms)[0m  [1mSELECT  1 AS one FROM "users" WHERE LOWER("users"."email") = LOWER('mhartl@example.com') LIMIT 1[0m
  [1m[35mSQL (0.4ms)[0m  INSERT INTO "users" ("name", "email", "password_digest", "created_at", "updated_at") VALUES (?, ?, ?, ?, ?)  [["name", "Michael Hartl"], ["email", "mhartl@example.com"], ["password_digest", "$2a$10$0dqLcrotxW.DDYrMPP5SeeYGjjbUbKwpPXeGhje2VSezbr2SzmivK"], ["created_at", "2015-03-28 19:26:24.300913"], ["updated_at", "2015-03-28 19:26:24.300913"]]
  [1m[36m (5.5ms)[0m  [1mcommit transaction[0m
  [1m[36m (40.1ms)[0m  [1mCREATE TABLE "schema_migrations" ("version" varchar NOT NULL) [0m
  [1m[35m (0.1ms)[0m  select sqlite_version(*)
  [1m[36m (5.2ms)[0m  [1mCREATE UNIQUE INDEX "unique_schema_migrations" ON "schema_migrations" ("version")[0m
  [1m[35mActiveRecord::SchemaMigration Load (0.1ms)[0m  SELECT "schema_migrations".* FROM "schema_migrations"
Migrating to CreateUsers (20150328191610)
  [1m[36m (0.2ms)[0m  [1mbegin transaction[0m
  [1m[35m (0.7ms)[0m  CREATE TABLE "users" ("id" INTEGER PRIMARY KEY AUTOINCREMENT NOT NULL, "name" varchar, "email" varchar, "created_at" datetime NOT NULL, "updated_at" datetime NOT NULL) 
  [1m[36mSQL (0.3ms)[0m  [1mINSERT INTO "schema_migrations" ("version") VALUES (?)[0m  [["version", "20150328191610"]]
  [1m[35m (5.3ms)[0m  commit transaction
Migrating to AddIndexToUsersEmail (20150328191937)
  [1m[36m (0.1ms)[0m  [1mbegin transaction[0m
  [1m[35m (0.4ms)[0m  CREATE UNIQUE INDEX "index_users_on_email" ON "users" ("email")
  [1m[36mSQL (0.1ms)[0m  [1mINSERT INTO "schema_migrations" ("version") VALUES (?)[0m  [["version", "20150328191937"]]
  [1m[35m (3.8ms)[0m  commit transaction
Migrating to AddPasswordDigestToUsers (20150328192109)
  [1m[36m (0.1ms)[0m  [1mbegin transaction[0m
  [1m[35m (0.3ms)[0m  ALTER TABLE "users" ADD "password_digest" varchar
  [1m[36mSQL (0.1ms)[0m  [1mINSERT INTO "schema_migrations" ("version") VALUES (?)[0m  [["version", "20150328192109"]]
  [1m[35m (3.6ms)[0m  commit transaction
  [1m[36mActiveRecord::SchemaMigration Load (0.1ms)[0m  [1mSELECT "schema_migrations".* FROM "schema_migrations"[0m
  [1m[35m (0.1ms)[0m              SELECT sql
            FROM sqlite_master
            WHERE name='index_users_on_email' AND type='index'
            UNION ALL
            SELECT sql
            FROM sqlite_temp_master
            WHERE name='index_users_on_email' AND type='index'



Started GET "/" for ::1 at 2015-03-28 15:32:53 -0400
  [1m[36mActiveRecord::SchemaMigration Load (0.1ms)[0m  [1mSELECT "schema_migrations".* FROM "schema_migrations"[0m
Processing by StaticPagesController#home as HTML
  Rendered static_pages/home.html.erb within layouts/application (1.8ms)
Completed 200 OK in 383ms (Views: 360.9ms | ActiveRecord: 0.0ms)


Started GET "/assets/static_pages-64e62ddc273c2f5847f30d698ca14b67.css?body=1" for ::1 at 2015-03-28 15:32:54 -0400


Started GET "/assets/users-64e62ddc273c2f5847f30d698ca14b67.css?body=1" for ::1 at 2015-03-28 15:32:54 -0400


Started GET "/assets/jquery_ujs-e27bd20a10d28155845a22d71ef94f2f.js?body=1" for ::1 at 2015-03-28 15:32:54 -0400


Started GET "/assets/custom-d54420b249d7ab047f9aa5bf976ad8af.css?body=1" for ::1 at 2015-03-28 15:32:54 -0400


Started GET "/assets/turbolinks-d9dcd5206ee131f11181e8ca09537148.js?body=1" for ::1 at 2015-03-28 15:32:54 -0400


Started GET "/assets/application-6b6e7908be656160a2e9b21bbb4eeab5.css?body=1" for ::1 at 2015-03-28 15:32:54 -0400


Started GET "/assets/jquery-87424c3c19e96d4fb033c10ebe21ec40.js?body=1" for ::1 at 2015-03-28 15:32:54 -0400


Started GET "/assets/static_pages-fcec5b5a277ac7c20cc9f45a209a3bcd.js?body=1" for ::1 at 2015-03-28 15:32:54 -0400


Started GET "/assets/users-fcec5b5a277ac7c20cc9f45a209a3bcd.js?body=1" for ::1 at 2015-03-28 15:32:54 -0400


Started GET "/assets/application-c030fd008d439d284143eb512ecd0569.js?body=1" for ::1 at 2015-03-28 15:32:54 -0400


Started GET "/users/new" for ::1 at 2015-03-28 15:32:57 -0400
Processing by UsersController#new as HTML
  Rendered users/new.html.erb within layouts/application (139.4ms)
Completed 200 OK in 229ms (Views: 215.4ms | ActiveRecord: 0.5ms)


Started GET "/assets/static_pages-64e62ddc273c2f5847f30d698ca14b67.css?body=1" for ::1 at 2015-03-28 15:32:57 -0400


Started GET "/assets/jquery-87424c3c19e96d4fb033c10ebe21ec40.js?body=1" for ::1 at 2015-03-28 15:32:57 -0400


Started GET "/assets/custom-d54420b249d7ab047f9aa5bf976ad8af.css?body=1" for ::1 at 2015-03-28 15:32:57 -0400


Started GET "/assets/users-64e62ddc273c2f5847f30d698ca14b67.css?body=1" for ::1 at 2015-03-28 15:32:57 -0400


Started GET "/assets/application-6b6e7908be656160a2e9b21bbb4eeab5.css?body=1" for ::1 at 2015-03-28 15:32:57 -0400


Started GET "/assets/jquery_ujs-e27bd20a10d28155845a22d71ef94f2f.js?body=1" for ::1 at 2015-03-28 15:32:57 -0400


Started GET "/assets/turbolinks-d9dcd5206ee131f11181e8ca09537148.js?body=1" for ::1 at 2015-03-28 15:32:57 -0400


Started GET "/assets/static_pages-fcec5b5a277ac7c20cc9f45a209a3bcd.js?body=1" for ::1 at 2015-03-28 15:32:57 -0400


Started GET "/assets/users-fcec5b5a277ac7c20cc9f45a209a3bcd.js?body=1" for ::1 at 2015-03-28 15:32:57 -0400


Started GET "/assets/application-c030fd008d439d284143eb512ecd0569.js?body=1" for ::1 at 2015-03-28 15:32:57 -0400


Started GET "/users/new" for ::1 at 2015-03-28 15:33:49 -0400
Processing by UsersController#new as HTML
  Rendered users/new.html.erb within layouts/application (1.8ms)
Completed 200 OK in 80ms (Views: 79.2ms | ActiveRecord: 0.0ms)


Started GET "/assets/custom-d54420b249d7ab047f9aa5bf976ad8af.css?body=1" for ::1 at 2015-03-28 15:33:49 -0400


Started GET "/assets/static_pages-64e62ddc273c2f5847f30d698ca14b67.css?body=1" for ::1 at 2015-03-28 15:33:49 -0400


Started GET "/assets/jquery-87424c3c19e96d4fb033c10ebe21ec40.js?body=1" for ::1 at 2015-03-28 15:33:49 -0400


Started GET "/assets/jquery_ujs-e27bd20a10d28155845a22d71ef94f2f.js?body=1" for ::1 at 2015-03-28 15:33:49 -0400


Started GET "/assets/users-64e62ddc273c2f5847f30d698ca14b67.css?body=1" for ::1 at 2015-03-28 15:33:49 -0400


Started GET "/assets/application-6b6e7908be656160a2e9b21bbb4eeab5.css?body=1" for ::1 at 2015-03-28 15:33:49 -0400


Started GET "/assets/turbolinks-d9dcd5206ee131f11181e8ca09537148.js?body=1" for ::1 at 2015-03-28 15:33:49 -0400


Started GET "/assets/static_pages-fcec5b5a277ac7c20cc9f45a209a3bcd.js?body=1" for ::1 at 2015-03-28 15:33:49 -0400


Started GET "/assets/users-fcec5b5a277ac7c20cc9f45a209a3bcd.js?body=1" for ::1 at 2015-03-28 15:33:49 -0400


Started GET "/assets/application-c030fd008d439d284143eb512ecd0569.js?body=1" for ::1 at 2015-03-28 15:33:49 -0400


Started GET "/users/new" for ::1 at 2015-03-28 15:49:40 -0400
  [1m[36mActiveRecord::SchemaMigration Load (0.1ms)[0m  [1mSELECT "schema_migrations".* FROM "schema_migrations"[0m
Processing by UsersController#new as HTML
  Rendered shared/_error_messages.html.erb (2.7ms)
  Rendered users/new.html.erb within layouts/application (28.9ms)
Completed 200 OK in 187ms (Views: 168.0ms | ActiveRecord: 0.3ms)


Started GET "/assets/custom-d54420b249d7ab047f9aa5bf976ad8af.css?body=1" for ::1 at 2015-03-28 15:49:40 -0400


Started GET "/assets/static_pages-64e62ddc273c2f5847f30d698ca14b67.css?body=1" for ::1 at 2015-03-28 15:49:40 -0400


Started GET "/assets/users-64e62ddc273c2f5847f30d698ca14b67.css?body=1" for ::1 at 2015-03-28 15:49:40 -0400


Started GET "/assets/turbolinks-d9dcd5206ee131f11181e8ca09537148.js?body=1" for ::1 at 2015-03-28 15:49:40 -0400


Started GET "/assets/application-6b6e7908be656160a2e9b21bbb4eeab5.css?body=1" for ::1 at 2015-03-28 15:49:40 -0400


Started GET "/assets/jquery-87424c3c19e96d4fb033c10ebe21ec40.js?body=1" for ::1 at 2015-03-28 15:49:40 -0400


Started GET "/assets/jquery_ujs-e27bd20a10d28155845a22d71ef94f2f.js?body=1" for ::1 at 2015-03-28 15:49:40 -0400


Started GET "/assets/static_pages-fcec5b5a277ac7c20cc9f45a209a3bcd.js?body=1" for ::1 at 2015-03-28 15:49:40 -0400


Started GET "/assets/users-fcec5b5a277ac7c20cc9f45a209a3bcd.js?body=1" for ::1 at 2015-03-28 15:49:40 -0400


Started GET "/assets/application-c030fd008d439d284143eb512ecd0569.js?body=1" for ::1 at 2015-03-28 15:49:40 -0400


Started GET "/users/new" for ::1 at 2015-03-28 15:49:41 -0400
Processing by UsersController#new as HTML
  Rendered shared/_error_messages.html.erb (0.0ms)
  Rendered users/new.html.erb within layouts/application (5.0ms)
Completed 200 OK in 79ms (Views: 78.2ms | ActiveRecord: 0.0ms)


Started GET "/assets/custom-d54420b249d7ab047f9aa5bf976ad8af.css?body=1" for ::1 at 2015-03-28 15:49:41 -0400


Started GET "/assets/jquery_ujs-e27bd20a10d28155845a22d71ef94f2f.js?body=1" for ::1 at 2015-03-28 15:49:41 -0400


Started GET "/assets/application-6b6e7908be656160a2e9b21bbb4eeab5.css?body=1" for ::1 at 2015-03-28 15:49:41 -0400


Started GET "/assets/static_pages-64e62ddc273c2f5847f30d698ca14b67.css?body=1" for ::1 at 2015-03-28 15:49:41 -0400


Started GET "/assets/users-64e62ddc273c2f5847f30d698ca14b67.css?body=1" for ::1 at 2015-03-28 15:49:41 -0400


Started GET "/assets/jquery-87424c3c19e96d4fb033c10ebe21ec40.js?body=1" for ::1 at 2015-03-28 15:49:41 -0400


Started GET "/assets/turbolinks-d9dcd5206ee131f11181e8ca09537148.js?body=1" for ::1 at 2015-03-28 15:49:41 -0400


Started GET "/assets/users-fcec5b5a277ac7c20cc9f45a209a3bcd.js?body=1" for ::1 at 2015-03-28 15:49:41 -0400


Started GET "/assets/static_pages-fcec5b5a277ac7c20cc9f45a209a3bcd.js?body=1" for ::1 at 2015-03-28 15:49:41 -0400


Started GET "/assets/application-c030fd008d439d284143eb512ecd0569.js?body=1" for ::1 at 2015-03-28 15:49:41 -0400


Started POST "/users" for ::1 at 2015-03-28 15:49:54 -0400
Processing by UsersController#create as HTML
  Parameters: {"utf8"=>"✓", "authenticity_token"=>"DlFUYIzqbc3v928yhggLZ//P6MRRlsG2JQ8LR5WPrRSYII6tZXSA2UGmpNOPVRBwv38k5VNf6g4wwXaRfbB58A==", "user"=>{"name"=>"Shawn Pan", "email"=>"xpan1@swarthmore.edu", "password"=>"[FILTERED]", "password_confirmation"=>"[FILTERED]"}, "commit"=>"Create my account"}
  [1m[35m (0.1ms)[0m  begin transaction
  [1m[36mUser Exists (0.2ms)[0m  [1mSELECT  1 AS one FROM "users" WHERE LOWER("users"."email") = LOWER('xpan1@swarthmore.edu') LIMIT 1[0m
  [1m[35mSQL (0.4ms)[0m  INSERT INTO "users" ("name", "email", "password_digest", "created_at", "updated_at") VALUES (?, ?, ?, ?, ?)  [["name", "Shawn Pan"], ["email", "xpan1@swarthmore.edu"], ["password_digest", "$2a$10$Rm6E/SoK/3FSP.YeOhE3FOBNz969fup5vXGwMD4HUUICFVTUHcZe2"], ["created_at", "2015-03-28 19:49:54.984722"], ["updated_at", "2015-03-28 19:49:54.984722"]]
  [1m[36m (7.1ms)[0m  [1mcommit transaction[0m
Redirected to http://localhost:3000/users/1
Completed 302 Found in 125ms (ActiveRecord: 7.8ms)


Started GET "/users/1" for ::1 at 2015-03-28 15:49:54 -0400
Processing by UsersController#show as HTML
  Parameters: {"id"=>"1"}
  [1m[35mUser Load (0.2ms)[0m  SELECT  "users".* FROM "users" WHERE "users"."id" = ? LIMIT 1  [["id", 1]]
  Rendered users/show.html.erb within layouts/application (0.5ms)
Completed 200 OK in 81ms (Views: 74.5ms | ActiveRecord: 0.2ms)


Started GET "/assets/users-64e62ddc273c2f5847f30d698ca14b67.css?body=1" for ::1 at 2015-03-28 15:49:55 -0400


Started GET "/assets/jquery-87424c3c19e96d4fb033c10ebe21ec40.js?body=1" for ::1 at 2015-03-28 15:49:55 -0400


Started GET "/assets/application-6b6e7908be656160a2e9b21bbb4eeab5.css?body=1" for ::1 at 2015-03-28 15:49:55 -0400


Started GET "/assets/static_pages-64e62ddc273c2f5847f30d698ca14b67.css?body=1" for ::1 at 2015-03-28 15:49:55 -0400


Started GET "/assets/custom-d54420b249d7ab047f9aa5bf976ad8af.css?body=1" for ::1 at 2015-03-28 15:49:55 -0400


Started GET "/assets/turbolinks-d9dcd5206ee131f11181e8ca09537148.js?body=1" for ::1 at 2015-03-28 15:49:55 -0400


Started GET "/assets/jquery_ujs-e27bd20a10d28155845a22d71ef94f2f.js?body=1" for ::1 at 2015-03-28 15:49:55 -0400


Started GET "/assets/static_pages-fcec5b5a277ac7c20cc9f45a209a3bcd.js?body=1" for ::1 at 2015-03-28 15:49:55 -0400


Started GET "/assets/users-fcec5b5a277ac7c20cc9f45a209a3bcd.js?body=1" for ::1 at 2015-03-28 15:49:55 -0400


Started GET "/assets/application-c030fd008d439d284143eb512ecd0569.js?body=1" for ::1 at 2015-03-28 15:49:55 -0400


Started GET "/users/1" for ::1 at 2015-03-28 15:49:59 -0400
Processing by UsersController#show as HTML
  Parameters: {"id"=>"1"}
  [1m[36mUser Load (0.1ms)[0m  [1mSELECT  "users".* FROM "users" WHERE "users"."id" = ? LIMIT 1[0m  [["id", 1]]
  Rendered users/show.html.erb within layouts/application (0.1ms)
Completed 200 OK in 93ms (Views: 92.0ms | ActiveRecord: 0.1ms)


Started GET "/assets/custom-d54420b249d7ab047f9aa5bf976ad8af.css?body=1" for ::1 at 2015-03-28 15:49:59 -0400


Started GET "/assets/jquery_ujs-e27bd20a10d28155845a22d71ef94f2f.js?body=1" for ::1 at 2015-03-28 15:49:59 -0400


Started GET "/assets/static_pages-64e62ddc273c2f5847f30d698ca14b67.css?body=1" for ::1 at 2015-03-28 15:49:59 -0400


Started GET "/assets/application-6b6e7908be656160a2e9b21bbb4eeab5.css?body=1" for ::1 at 2015-03-28 15:49:59 -0400


Started GET "/assets/jquery-87424c3c19e96d4fb033c10ebe21ec40.js?body=1" for ::1 at 2015-03-28 15:49:59 -0400


Started GET "/assets/users-64e62ddc273c2f5847f30d698ca14b67.css?body=1" for ::1 at 2015-03-28 15:49:59 -0400


Started GET "/assets/static_pages-fcec5b5a277ac7c20cc9f45a209a3bcd.js?body=1" for ::1 at 2015-03-28 15:49:59 -0400


Started GET "/assets/turbolinks-d9dcd5206ee131f11181e8ca09537148.js?body=1" for ::1 at 2015-03-28 15:49:59 -0400


Started GET "/assets/users-fcec5b5a277ac7c20cc9f45a209a3bcd.js?body=1" for ::1 at 2015-03-28 15:49:59 -0400


Started GET "/assets/application-c030fd008d439d284143eb512ecd0569.js?body=1" for ::1 at 2015-03-28 15:49:59 -0400


Started GET "/users/new" for ::1 at 2015-03-28 15:50:03 -0400
Processing by UsersController#new as HTML
  Rendered shared/_error_messages.html.erb (0.0ms)
  Rendered users/new.html.erb within layouts/application (5.2ms)
Completed 200 OK in 90ms (Views: 88.5ms | ActiveRecord: 0.0ms)


Started GET "/assets/custom-d54420b249d7ab047f9aa5bf976ad8af.css?body=1" for ::1 at 2015-03-28 15:50:03 -0400


Started GET "/assets/static_pages-64e62ddc273c2f5847f30d698ca14b67.css?body=1" for ::1 at 2015-03-28 15:50:03 -0400


Started GET "/assets/jquery-87424c3c19e96d4fb033c10ebe21ec40.js?body=1" for ::1 at 2015-03-28 15:50:03 -0400


Started GET "/assets/users-64e62ddc273c2f5847f30d698ca14b67.css?body=1" for ::1 at 2015-03-28 15:50:03 -0400


Started GET "/assets/application-6b6e7908be656160a2e9b21bbb4eeab5.css?body=1" for ::1 at 2015-03-28 15:50:03 -0400


Started GET "/assets/jquery_ujs-e27bd20a10d28155845a22d71ef94f2f.js?body=1" for ::1 at 2015-03-28 15:50:03 -0400


Started GET "/assets/static_pages-fcec5b5a277ac7c20cc9f45a209a3bcd.js?body=1" for ::1 at 2015-03-28 15:50:03 -0400


Started GET "/assets/turbolinks-d9dcd5206ee131f11181e8ca09537148.js?body=1" for ::1 at 2015-03-28 15:50:03 -0400


Started GET "/assets/users-fcec5b5a277ac7c20cc9f45a209a3bcd.js?body=1" for ::1 at 2015-03-28 15:50:03 -0400


Started GET "/assets/application-c030fd008d439d284143eb512ecd0569.js?body=1" for ::1 at 2015-03-28 15:50:03 -0400
  [1m[36mActiveRecord::SchemaMigration Load (0.7ms)[0m  [1mSELECT "schema_migrations".* FROM "schema_migrations"[0m
Migrating to CreateChallenges (20150328224201)
  [1m[35m (0.1ms)[0m  begin transaction
  [1m[36m (0.7ms)[0m  [1mCREATE TABLE "challenges" ("id" INTEGER PRIMARY KEY AUTOINCREMENT NOT NULL, "new" varchar, "title" varchar, "task" varchar, "created_at" datetime NOT NULL, "updated_at" datetime NOT NULL) [0m
  [1m[35mSQL (0.3ms)[0m  INSERT INTO "schema_migrations" ("version") VALUES (?)  [["version", "20150328224201"]]
  [1m[36m (42.2ms)[0m  [1mcommit transaction[0m
  [1m[35mActiveRecord::SchemaMigration Load (0.1ms)[0m  SELECT "schema_migrations".* FROM "schema_migrations"
  [1m[36m (0.2ms)[0m  [1m            SELECT sql
            FROM sqlite_master
            WHERE name='index_users_on_email' AND type='index'
            UNION ALL
            SELECT sql
            FROM sqlite_temp_master
            WHERE name='index_users_on_email' AND type='index'
[0m
  [1m[36m (0.6ms)[0m  [1mbegin transaction[0m
  [1m[35m (0.1ms)[0m  rollback transaction


Started GET "/" for ::1 at 2015-03-28 18:50:55 -0400
  [1m[36mActiveRecord::SchemaMigration Load (0.4ms)[0m  [1mSELECT "schema_migrations".* FROM "schema_migrations"[0m
Processing by StaticPagesController#home as HTML
  Rendered static_pages/home.html.erb within layouts/application (3.4ms)
Completed 200 OK in 1202ms (Views: 1165.1ms | ActiveRecord: 0.0ms)


Started GET "/assets/challenges-64e62ddc273c2f5847f30d698ca14b67.css?body=1" for ::1 at 2015-03-28 18:50:57 -0400


Started GET "/assets/application-aaf7e43265f5814f26e34fb86e243f80.js?body=1" for ::1 at 2015-03-28 18:50:57 -0400


Started GET "/assets/challenges-fcec5b5a277ac7c20cc9f45a209a3bcd.js?body=1" for ::1 at 2015-03-28 18:50:57 -0400


Started GET "/assets/custom-d54420b249d7ab047f9aa5bf976ad8af.css?body=1" for ::1 at 2015-03-28 18:50:57 -0400


Started GET "/assets/sessions-64e62ddc273c2f5847f30d698ca14b67.css?body=1" for ::1 at 2015-03-28 18:50:57 -0400


Started GET "/assets/users-64e62ddc273c2f5847f30d698ca14b67.css?body=1" for ::1 at 2015-03-28 18:50:57 -0400


Started GET "/assets/application-6b6e7908be656160a2e9b21bbb4eeab5.css?body=1" for ::1 at 2015-03-28 18:50:57 -0400


Started GET "/assets/static_pages-64e62ddc273c2f5847f30d698ca14b67.css?body=1" for ::1 at 2015-03-28 18:50:57 -0400


Started GET "/assets/turbolinks-d9dcd5206ee131f11181e8ca09537148.js?body=1" for ::1 at 2015-03-28 18:50:57 -0400


Started GET "/assets/static_pages-fcec5b5a277ac7c20cc9f45a209a3bcd.js?body=1" for ::1 at 2015-03-28 18:50:57 -0400


Started GET "/assets/jquery-87424c3c19e96d4fb033c10ebe21ec40.js?body=1" for ::1 at 2015-03-28 18:50:57 -0400


Started GET "/assets/jquery_ujs-e27bd20a10d28155845a22d71ef94f2f.js?body=1" for ::1 at 2015-03-28 18:50:57 -0400


Started GET "/assets/users-fcec5b5a277ac7c20cc9f45a209a3bcd.js?body=1" for ::1 at 2015-03-28 18:50:57 -0400


Started GET "/assets/sessions-fcec5b5a277ac7c20cc9f45a209a3bcd.js?body=1" for ::1 at 2015-03-28 18:50:57 -0400


Started GET "/challenges/new" for ::1 at 2015-03-28 18:51:02 -0400
Processing by ChallengesController#new as HTML
  Rendered challenges/new.html.erb within layouts/application (47.7ms)
Completed 500 Internal Server Error in 70ms

NoMethodError (undefined method `challenges_path' for #<#<Class:0x007fa5acf44c88>:0x007fa5ac2f2ef8>):
  app/views/challenges/new.html.erb:5:in `_app_views_challenges_new_html_erb___525838204893361548_70174767548400'


  Rendered /Users/xiangpan/.rbenv/versions/2.2.0/lib/ruby/gems/2.2.0/gems/web-console-2.0.0.beta3/lib/action_dispatch/templates/rescues/_source.erb (13.5ms)
  Rendered /Users/xiangpan/.rbenv/versions/2.2.0/lib/ruby/gems/2.2.0/gems/web-console-2.0.0.beta3/lib/action_dispatch/templates/rescues/_trace.html.erb (4.1ms)
  Rendered /Users/xiangpan/.rbenv/versions/2.2.0/lib/ruby/gems/2.2.0/gems/web-console-2.0.0.beta3/lib/action_dispatch/templates/rescues/_request_and_response.html.erb (2.9ms)
  Rendered /Users/xiangpan/.rbenv/versions/2.2.0/lib/ruby/gems/2.2.0/gems/web-console-2.0.0.beta3/lib/action_dispatch/templates/rescues/_web_console.html.erb (1.2ms)
  Rendered /Users/xiangpan/.rbenv/versions/2.2.0/lib/ruby/gems/2.2.0/gems/web-console-2.0.0.beta3/lib/action_dispatch/templates/rescues/diagnostics.html.erb within rescues/layout (214.3ms)


Started GET "/challenges/new" for ::1 at 2015-03-28 18:52:31 -0400
Processing by ChallengesController#new as HTML
  Rendered shared/_error_messages.html.erb (8.4ms)
  Rendered challenges/new.html.erb within layouts/application (60.9ms)
Completed 500 Internal Server Error in 90ms

NoMethodError (undefined method `errors' for nil:NilClass):
  app/views/shared/_error_messages.html.erb:1:in `_app_views_shared__error_messages_html_erb__3376646268135208345_70174816807580'
  app/views/challenges/new.html.erb:6:in `block in _app_views_challenges_new_html_erb___525838204893361548_70174767548400'
  app/views/challenges/new.html.erb:5:in `_app_views_challenges_new_html_erb___525838204893361548_70174767548400'


  Rendered /Users/xiangpan/.rbenv/versions/2.2.0/lib/ruby/gems/2.2.0/gems/web-console-2.0.0.beta3/lib/action_dispatch/templates/rescues/_source.erb (19.8ms)
  Rendered /Users/xiangpan/.rbenv/versions/2.2.0/lib/ruby/gems/2.2.0/gems/web-console-2.0.0.beta3/lib/action_dispatch/templates/rescues/_trace.html.erb (4.7ms)
  Rendered /Users/xiangpan/.rbenv/versions/2.2.0/lib/ruby/gems/2.2.0/gems/web-console-2.0.0.beta3/lib/action_dispatch/templates/rescues/_request_and_response.html.erb (2.4ms)
  Rendered /Users/xiangpan/.rbenv/versions/2.2.0/lib/ruby/gems/2.2.0/gems/web-console-2.0.0.beta3/lib/action_dispatch/templates/rescues/_web_console.html.erb (2.6ms)
  Rendered /Users/xiangpan/.rbenv/versions/2.2.0/lib/ruby/gems/2.2.0/gems/web-console-2.0.0.beta3/lib/action_dispatch/templates/rescues/diagnostics.html.erb within rescues/layout (172.8ms)


Started GET "/challenges/new" for ::1 at 2015-03-28 18:52:40 -0400
Processing by ChallengesController#new as HTML
  Rendered shared/_error_messages.html.erb (5.3ms)
  Rendered challenges/new.html.erb within layouts/application (9.7ms)
Completed 500 Internal Server Error in 22ms

NoMethodError (undefined method `errors' for nil:NilClass):
  app/views/shared/_error_messages.html.erb:1:in `_app_views_shared__error_messages_html_erb__3376646268135208345_70174816807580'
  app/views/challenges/new.html.erb:6:in `block in _app_views_challenges_new_html_erb___525838204893361548_70174798623920'
  app/views/challenges/new.html.erb:5:in `_app_views_challenges_new_html_erb___525838204893361548_70174798623920'


  Rendered /Users/xiangpan/.rbenv/versions/2.2.0/lib/ruby/gems/2.2.0/gems/web-console-2.0.0.beta3/lib/action_dispatch/templates/rescues/_source.erb (14.0ms)
  Rendered /Users/xiangpan/.rbenv/versions/2.2.0/lib/ruby/gems/2.2.0/gems/web-console-2.0.0.beta3/lib/action_dispatch/templates/rescues/_trace.html.erb (3.8ms)
  Rendered /Users/xiangpan/.rbenv/versions/2.2.0/lib/ruby/gems/2.2.0/gems/web-console-2.0.0.beta3/lib/action_dispatch/templates/rescues/_request_and_response.html.erb (1.2ms)
  Rendered /Users/xiangpan/.rbenv/versions/2.2.0/lib/ruby/gems/2.2.0/gems/web-console-2.0.0.beta3/lib/action_dispatch/templates/rescues/_web_console.html.erb (1.1ms)
  Rendered /Users/xiangpan/.rbenv/versions/2.2.0/lib/ruby/gems/2.2.0/gems/web-console-2.0.0.beta3/lib/action_dispatch/templates/rescues/diagnostics.html.erb within rescues/layout (101.8ms)


Started GET "/challenges/new" for ::1 at 2015-03-28 18:52:41 -0400
Processing by ChallengesController#new as HTML
  Rendered shared/_error_messages.html.erb (4.4ms)
  Rendered challenges/new.html.erb within layouts/application (8.0ms)
Completed 500 Internal Server Error in 19ms

NoMethodError (undefined method `errors' for nil:NilClass):
  app/views/shared/_error_messages.html.erb:1:in `_app_views_shared__error_messages_html_erb__3376646268135208345_70174816807580'
  app/views/challenges/new.html.erb:6:in `block in _app_views_challenges_new_html_erb___525838204893361548_70174798623920'
  app/views/challenges/new.html.erb:5:in `_app_views_challenges_new_html_erb___525838204893361548_70174798623920'


  Rendered /Users/xiangpan/.rbenv/versions/2.2.0/lib/ruby/gems/2.2.0/gems/web-console-2.0.0.beta3/lib/action_dispatch/templates/rescues/_source.erb (13.4ms)
  Rendered /Users/xiangpan/.rbenv/versions/2.2.0/lib/ruby/gems/2.2.0/gems/web-console-2.0.0.beta3/lib/action_dispatch/templates/rescues/_trace.html.erb (3.6ms)
  Rendered /Users/xiangpan/.rbenv/versions/2.2.0/lib/ruby/gems/2.2.0/gems/web-console-2.0.0.beta3/lib/action_dispatch/templates/rescues/_request_and_response.html.erb (1.0ms)
  Rendered /Users/xiangpan/.rbenv/versions/2.2.0/lib/ruby/gems/2.2.0/gems/web-console-2.0.0.beta3/lib/action_dispatch/templates/rescues/_web_console.html.erb (0.9ms)
  Rendered /Users/xiangpan/.rbenv/versions/2.2.0/lib/ruby/gems/2.2.0/gems/web-console-2.0.0.beta3/lib/action_dispatch/templates/rescues/diagnostics.html.erb within rescues/layout (102.7ms)


Started GET "/" for ::1 at 2015-03-28 18:52:48 -0400
Processing by StaticPagesController#home as HTML
  Rendered static_pages/home.html.erb within layouts/application (0.1ms)
Completed 200 OK in 131ms (Views: 130.7ms | ActiveRecord: 0.0ms)


Started GET "/assets/custom-d54420b249d7ab047f9aa5bf976ad8af.css?body=1" for ::1 at 2015-03-28 18:52:48 -0400


Started GET "/assets/static_pages-64e62ddc273c2f5847f30d698ca14b67.css?body=1" for ::1 at 2015-03-28 18:52:48 -0400


Started GET "/assets/sessions-64e62ddc273c2f5847f30d698ca14b67.css?body=1" for ::1 at 2015-03-28 18:52:48 -0400


Started GET "/assets/jquery_ujs-e27bd20a10d28155845a22d71ef94f2f.js?body=1" for ::1 at 2015-03-28 18:52:48 -0400


Started GET "/assets/jquery-87424c3c19e96d4fb033c10ebe21ec40.js?body=1" for ::1 at 2015-03-28 18:52:48 -0400


Started GET "/assets/application-6b6e7908be656160a2e9b21bbb4eeab5.css?body=1" for ::1 at 2015-03-28 18:52:48 -0400


Started GET "/assets/static_pages-fcec5b5a277ac7c20cc9f45a209a3bcd.js?body=1" for ::1 at 2015-03-28 18:52:48 -0400


Started GET "/assets/sessions-fcec5b5a277ac7c20cc9f45a209a3bcd.js?body=1" for ::1 at 2015-03-28 18:52:48 -0400


Started GET "/assets/turbolinks-d9dcd5206ee131f11181e8ca09537148.js?body=1" for ::1 at 2015-03-28 18:52:48 -0400


Started GET "/assets/users-fcec5b5a277ac7c20cc9f45a209a3bcd.js?body=1" for ::1 at 2015-03-28 18:52:48 -0400


Started GET "/assets/users-64e62ddc273c2f5847f30d698ca14b67.css?body=1" for ::1 at 2015-03-28 18:52:48 -0400


Started GET "/challenges/new" for ::1 at 2015-03-28 18:52:51 -0400
Processing by ChallengesController#new as HTML
  Rendered shared/_error_messages.html.erb (5.0ms)
  Rendered challenges/new.html.erb within layouts/application (9.7ms)
Completed 500 Internal Server Error in 22ms

NoMethodError (undefined method `errors' for nil:NilClass):
  app/views/shared/_error_messages.html.erb:1:in `_app_views_shared__error_messages_html_erb__3376646268135208345_70174816807580'
  app/views/challenges/new.html.erb:6:in `block in _app_views_challenges_new_html_erb___525838204893361548_70174772676780'
  app/views/challenges/new.html.erb:5:in `_app_views_challenges_new_html_erb___525838204893361548_70174772676780'


  Rendered /Users/xiangpan/.rbenv/versions/2.2.0/lib/ruby/gems/2.2.0/gems/web-console-2.0.0.beta3/lib/action_dispatch/templates/rescues/_source.erb (11.2ms)
  Rendered /Users/xiangpan/.rbenv/versions/2.2.0/lib/ruby/gems/2.2.0/gems/web-console-2.0.0.beta3/lib/action_dispatch/templates/rescues/_trace.html.erb (4.1ms)
  Rendered /Users/xiangpan/.rbenv/versions/2.2.0/lib/ruby/gems/2.2.0/gems/web-console-2.0.0.beta3/lib/action_dispatch/templates/rescues/_request_and_response.html.erb (1.1ms)
  Rendered /Users/xiangpan/.rbenv/versions/2.2.0/lib/ruby/gems/2.2.0/gems/web-console-2.0.0.beta3/lib/action_dispatch/templates/rescues/_web_console.html.erb (1.1ms)
  Rendered /Users/xiangpan/.rbenv/versions/2.2.0/lib/ruby/gems/2.2.0/gems/web-console-2.0.0.beta3/lib/action_dispatch/templates/rescues/diagnostics.html.erb within rescues/layout (98.7ms)


Started GET "/challenges/new" for ::1 at 2015-03-28 18:52:55 -0400
Processing by ChallengesController#new as HTML
  Rendered challenges/new.html.erb within layouts/application (180.6ms)
Completed 200 OK in 299ms (Views: 298.5ms | ActiveRecord: 0.0ms)


Started GET "/assets/custom-d54420b249d7ab047f9aa5bf976ad8af.css?body=1" for ::1 at 2015-03-28 18:52:55 -0400


Started GET "/assets/application-6b6e7908be656160a2e9b21bbb4eeab5.css?body=1" for ::1 at 2015-03-28 18:52:55 -0400


Started GET "/assets/static_pages-64e62ddc273c2f5847f30d698ca14b67.css?body=1" for ::1 at 2015-03-28 18:52:55 -0400


Started GET "/assets/challenges-64e62ddc273c2f5847f30d698ca14b67.css?body=1" for ::1 at 2015-03-28 18:52:55 -0400


Started GET "/assets/sessions-64e62ddc273c2f5847f30d698ca14b67.css?body=1" for ::1 at 2015-03-28 18:52:55 -0400


Started GET "/assets/users-64e62ddc273c2f5847f30d698ca14b67.css?body=1" for ::1 at 2015-03-28 18:52:55 -0400


Started GET "/assets/jquery-87424c3c19e96d4fb033c10ebe21ec40.js?body=1" for ::1 at 2015-03-28 18:52:55 -0400


Started GET "/assets/jquery_ujs-e27bd20a10d28155845a22d71ef94f2f.js?body=1" for ::1 at 2015-03-28 18:52:55 -0400


Started GET "/assets/challenges-fcec5b5a277ac7c20cc9f45a209a3bcd.js?body=1" for ::1 at 2015-03-28 18:52:55 -0400


Started GET "/assets/sessions-fcec5b5a277ac7c20cc9f45a209a3bcd.js?body=1" for ::1 at 2015-03-28 18:52:55 -0400


Started GET "/assets/turbolinks-d9dcd5206ee131f11181e8ca09537148.js?body=1" for ::1 at 2015-03-28 18:52:55 -0400


Started GET "/assets/static_pages-fcec5b5a277ac7c20cc9f45a209a3bcd.js?body=1" for ::1 at 2015-03-28 18:52:55 -0400


Started GET "/assets/users-fcec5b5a277ac7c20cc9f45a209a3bcd.js?body=1" for ::1 at 2015-03-28 18:52:55 -0400


Started GET "/assets/application-aaf7e43265f5814f26e34fb86e243f80.js?body=1" for ::1 at 2015-03-28 18:52:55 -0400


Started GET "/challenges/new" for ::1 at 2015-03-28 18:54:32 -0400
Processing by ChallengesController#new as HTML
  Rendered challenges/new.html.erb within layouts/application (1.8ms)
Completed 200 OK in 127ms (Views: 126.7ms | ActiveRecord: 0.0ms)


Started GET "/assets/sessions-64e62ddc273c2f5847f30d698ca14b67.css?body=1" for ::1 at 2015-03-28 18:54:32 -0400


Started GET "/assets/application-6b6e7908be656160a2e9b21bbb4eeab5.css?body=1" for ::1 at 2015-03-28 18:54:32 -0400


Started GET "/assets/users-64e62ddc273c2f5847f30d698ca14b67.css?body=1" for ::1 at 2015-03-28 18:54:32 -0400


Started GET "/assets/custom-d54420b249d7ab047f9aa5bf976ad8af.css?body=1" for ::1 at 2015-03-28 18:54:32 -0400


Started GET "/assets/challenges-64e62ddc273c2f5847f30d698ca14b67.css?body=1" for ::1 at 2015-03-28 18:54:32 -0400


Started GET "/assets/jquery_ujs-e27bd20a10d28155845a22d71ef94f2f.js?body=1" for ::1 at 2015-03-28 18:54:32 -0400


Started GET "/assets/jquery-87424c3c19e96d4fb033c10ebe21ec40.js?body=1" for ::1 at 2015-03-28 18:54:32 -0400


Started GET "/assets/static_pages-64e62ddc273c2f5847f30d698ca14b67.css?body=1" for ::1 at 2015-03-28 18:54:32 -0400


Started GET "/assets/challenges-fcec5b5a277ac7c20cc9f45a209a3bcd.js?body=1" for ::1 at 2015-03-28 18:54:32 -0400


Started GET "/assets/turbolinks-d9dcd5206ee131f11181e8ca09537148.js?body=1" for ::1 at 2015-03-28 18:54:32 -0400


Started GET "/assets/sessions-fcec5b5a277ac7c20cc9f45a209a3bcd.js?body=1" for ::1 at 2015-03-28 18:54:32 -0400


Started GET "/assets/static_pages-fcec5b5a277ac7c20cc9f45a209a3bcd.js?body=1" for ::1 at 2015-03-28 18:54:32 -0400


Started GET "/assets/users-fcec5b5a277ac7c20cc9f45a209a3bcd.js?body=1" for ::1 at 2015-03-28 18:54:32 -0400


Started GET "/assets/application-aaf7e43265f5814f26e34fb86e243f80.js?body=1" for ::1 at 2015-03-28 18:54:32 -0400


Started GET "/challenges/new" for ::1 at 2015-03-28 18:54:46 -0400
Processing by ChallengesController#new as HTML
  Rendered challenges/new.html.erb within layouts/application (2.5ms)
Completed 200 OK in 106ms (Views: 105.5ms | ActiveRecord: 0.0ms)


Started GET "/challenges/new" for ::1 at 2015-03-28 18:54:47 -0400
Processing by ChallengesController#new as HTML
  Rendered challenges/new.html.erb within layouts/application (1.5ms)
Completed 200 OK in 116ms (Views: 114.9ms | ActiveRecord: 0.0ms)


Started GET "/challenges/new" for ::1 at 2015-03-28 18:54:48 -0400
Processing by ChallengesController#new as HTML
  Rendered challenges/new.html.erb within layouts/application (1.4ms)
Completed 200 OK in 104ms (Views: 103.3ms | ActiveRecord: 0.0ms)


Started GET "/" for ::1 at 2015-03-28 18:54:53 -0400
Processing by StaticPagesController#home as HTML
  Rendered static_pages/home.html.erb within layouts/application (0.1ms)
Completed 200 OK in 122ms (Views: 120.7ms | ActiveRecord: 0.0ms)


Started GET "/assets/challenges-64e62ddc273c2f5847f30d698ca14b67.css?body=1" for ::1 at 2015-03-28 18:54:53 -0400


Started GET "/assets/custom-d54420b249d7ab047f9aa5bf976ad8af.css?body=1" for ::1 at 2015-03-28 18:54:53 -0400


Started GET "/assets/application-6b6e7908be656160a2e9b21bbb4eeab5.css?body=1" for ::1 at 2015-03-28 18:54:53 -0400


Started GET "/assets/users-64e62ddc273c2f5847f30d698ca14b67.css?body=1" for ::1 at 2015-03-28 18:54:53 -0400


Started GET "/assets/sessions-64e62ddc273c2f5847f30d698ca14b67.css?body=1" for ::1 at 2015-03-28 18:54:53 -0400


Started GET "/assets/static_pages-64e62ddc273c2f5847f30d698ca14b67.css?body=1" for ::1 at 2015-03-28 18:54:53 -0400


Started GET "/assets/jquery-87424c3c19e96d4fb033c10ebe21ec40.js?body=1" for ::1 at 2015-03-28 18:54:53 -0400


Started GET "/assets/turbolinks-d9dcd5206ee131f11181e8ca09537148.js?body=1" for ::1 at 2015-03-28 18:54:53 -0400


Started GET "/assets/jquery_ujs-e27bd20a10d28155845a22d71ef94f2f.js?body=1" for ::1 at 2015-03-28 18:54:53 -0400


Started GET "/assets/sessions-fcec5b5a277ac7c20cc9f45a209a3bcd.js?body=1" for ::1 at 2015-03-28 18:54:53 -0400


Started GET "/assets/challenges-fcec5b5a277ac7c20cc9f45a209a3bcd.js?body=1" for ::1 at 2015-03-28 18:54:53 -0400


Started GET "/assets/static_pages-fcec5b5a277ac7c20cc9f45a209a3bcd.js?body=1" for ::1 at 2015-03-28 18:54:53 -0400


Started GET "/assets/users-fcec5b5a277ac7c20cc9f45a209a3bcd.js?body=1" for ::1 at 2015-03-28 18:54:53 -0400


Started GET "/assets/application-aaf7e43265f5814f26e34fb86e243f80.js?body=1" for ::1 at 2015-03-28 18:54:53 -0400


Started GET "/" for ::1 at 2015-03-28 18:55:03 -0400
Processing by StaticPagesController#home as HTML
  Rendered static_pages/home.html.erb within layouts/application (0.1ms)
Completed 200 OK in 105ms (Views: 104.1ms | ActiveRecord: 0.0ms)


Started GET "/assets/challenges-64e62ddc273c2f5847f30d698ca14b67.css?body=1" for ::1 at 2015-03-28 18:55:04 -0400


Started GET "/assets/sessions-64e62ddc273c2f5847f30d698ca14b67.css?body=1" for ::1 at 2015-03-28 18:55:04 -0400


Started GET "/assets/custom-d54420b249d7ab047f9aa5bf976ad8af.css?body=1" for ::1 at 2015-03-28 18:55:04 -0400


Started GET "/assets/users-64e62ddc273c2f5847f30d698ca14b67.css?body=1" for ::1 at 2015-03-28 18:55:04 -0400


Started GET "/assets/application-6b6e7908be656160a2e9b21bbb4eeab5.css?body=1" for ::1 at 2015-03-28 18:55:04 -0400


Started GET "/assets/static_pages-64e62ddc273c2f5847f30d698ca14b67.css?body=1" for ::1 at 2015-03-28 18:55:04 -0400


Started GET "/assets/jquery-87424c3c19e96d4fb033c10ebe21ec40.js?body=1" for ::1 at 2015-03-28 18:55:04 -0400


Started GET "/assets/jquery_ujs-e27bd20a10d28155845a22d71ef94f2f.js?body=1" for ::1 at 2015-03-28 18:55:04 -0400


Started GET "/assets/turbolinks-d9dcd5206ee131f11181e8ca09537148.js?body=1" for ::1 at 2015-03-28 18:55:04 -0400


Started GET "/assets/challenges-fcec5b5a277ac7c20cc9f45a209a3bcd.js?body=1" for ::1 at 2015-03-28 18:55:04 -0400


Started GET "/assets/sessions-fcec5b5a277ac7c20cc9f45a209a3bcd.js?body=1" for ::1 at 2015-03-28 18:55:04 -0400


Started GET "/assets/static_pages-fcec5b5a277ac7c20cc9f45a209a3bcd.js?body=1" for ::1 at 2015-03-28 18:55:04 -0400


Started GET "/assets/users-fcec5b5a277ac7c20cc9f45a209a3bcd.js?body=1" for ::1 at 2015-03-28 18:55:04 -0400


Started GET "/assets/application-aaf7e43265f5814f26e34fb86e243f80.js?body=1" for ::1 at 2015-03-28 18:55:04 -0400


Started GET "/" for ::1 at 2015-03-28 18:55:05 -0400
Processing by StaticPagesController#home as HTML
  Rendered static_pages/home.html.erb within layouts/application (0.4ms)
Completed 200 OK in 105ms (Views: 104.3ms | ActiveRecord: 0.0ms)


Started GET "/" for ::1 at 2015-03-28 18:55:07 -0400
Processing by StaticPagesController#home as HTML
  Rendered static_pages/home.html.erb within layouts/application (0.0ms)
Completed 200 OK in 113ms (Views: 112.9ms | ActiveRecord: 0.0ms)


Started GET "/signup" for ::1 at 2015-03-28 18:55:07 -0400
Processing by UsersController#new as HTML
  Rendered shared/_error_messages.html.erb (0.5ms)
  Rendered users/new.html.erb within layouts/application (26.9ms)
Completed 200 OK in 169ms (Views: 141.6ms | ActiveRecord: 0.8ms)


Started GET "/signup" for ::1 at 2015-03-28 18:55:12 -0400
Processing by UsersController#new as HTML
  Rendered shared/_error_messages.html.erb (0.1ms)
  Rendered users/new.html.erb within layouts/application (6.1ms)
Completed 200 OK in 107ms (Views: 106.8ms | ActiveRecord: 0.0ms)


Started GET "/assets/challenges-64e62ddc273c2f5847f30d698ca14b67.css?body=1" for ::1 at 2015-03-28 18:55:12 -0400


Started GET "/assets/static_pages-64e62ddc273c2f5847f30d698ca14b67.css?body=1" for ::1 at 2015-03-28 18:55:12 -0400


Started GET "/assets/custom-d54420b249d7ab047f9aa5bf976ad8af.css?body=1" for ::1 at 2015-03-28 18:55:12 -0400


Started GET "/assets/sessions-64e62ddc273c2f5847f30d698ca14b67.css?body=1" for ::1 at 2015-03-28 18:55:12 -0400


Started GET "/assets/application-6b6e7908be656160a2e9b21bbb4eeab5.css?body=1" for ::1 at 2015-03-28 18:55:12 -0400


Started GET "/assets/users-64e62ddc273c2f5847f30d698ca14b67.css?body=1" for ::1 at 2015-03-28 18:55:12 -0400


Started GET "/assets/jquery-87424c3c19e96d4fb033c10ebe21ec40.js?body=1" for ::1 at 2015-03-28 18:55:12 -0400


Started GET "/assets/jquery_ujs-e27bd20a10d28155845a22d71ef94f2f.js?body=1" for ::1 at 2015-03-28 18:55:12 -0400


Started GET "/assets/turbolinks-d9dcd5206ee131f11181e8ca09537148.js?body=1" for ::1 at 2015-03-28 18:55:12 -0400


Started GET "/assets/challenges-fcec5b5a277ac7c20cc9f45a209a3bcd.js?body=1" for ::1 at 2015-03-28 18:55:12 -0400


Started GET "/assets/sessions-fcec5b5a277ac7c20cc9f45a209a3bcd.js?body=1" for ::1 at 2015-03-28 18:55:12 -0400


Started GET "/assets/static_pages-fcec5b5a277ac7c20cc9f45a209a3bcd.js?body=1" for ::1 at 2015-03-28 18:55:12 -0400


Started GET "/assets/users-fcec5b5a277ac7c20cc9f45a209a3bcd.js?body=1" for ::1 at 2015-03-28 18:55:12 -0400


Started GET "/assets/application-aaf7e43265f5814f26e34fb86e243f80.js?body=1" for ::1 at 2015-03-28 18:55:12 -0400


Started GET "/signup" for ::1 at 2015-03-28 18:55:14 -0400
Processing by UsersController#new as HTML
  Rendered shared/_error_messages.html.erb (0.0ms)
  Rendered users/new.html.erb within layouts/application (4.8ms)
Completed 200 OK in 129ms (Views: 128.4ms | ActiveRecord: 0.0ms)


Started GET "/assets/custom-d54420b249d7ab047f9aa5bf976ad8af.css?body=1" for ::1 at 2015-03-28 18:55:14 -0400


Started GET "/assets/application-6b6e7908be656160a2e9b21bbb4eeab5.css?body=1" for ::1 at 2015-03-28 18:55:14 -0400


Started GET "/assets/challenges-64e62ddc273c2f5847f30d698ca14b67.css?body=1" for ::1 at 2015-03-28 18:55:14 -0400


Started GET "/assets/static_pages-64e62ddc273c2f5847f30d698ca14b67.css?body=1" for ::1 at 2015-03-28 18:55:14 -0400


Started GET "/assets/sessions-64e62ddc273c2f5847f30d698ca14b67.css?body=1" for ::1 at 2015-03-28 18:55:14 -0400


Started GET "/assets/users-64e62ddc273c2f5847f30d698ca14b67.css?body=1" for ::1 at 2015-03-28 18:55:14 -0400


Started GET "/assets/jquery-87424c3c19e96d4fb033c10ebe21ec40.js?body=1" for ::1 at 2015-03-28 18:55:14 -0400


Started GET "/assets/jquery_ujs-e27bd20a10d28155845a22d71ef94f2f.js?body=1" for ::1 at 2015-03-28 18:55:14 -0400


Started GET "/assets/turbolinks-d9dcd5206ee131f11181e8ca09537148.js?body=1" for ::1 at 2015-03-28 18:55:14 -0400


Started GET "/assets/challenges-fcec5b5a277ac7c20cc9f45a209a3bcd.js?body=1" for ::1 at 2015-03-28 18:55:14 -0400


Started GET "/assets/sessions-fcec5b5a277ac7c20cc9f45a209a3bcd.js?body=1" for ::1 at 2015-03-28 18:55:14 -0400


Started GET "/assets/static_pages-fcec5b5a277ac7c20cc9f45a209a3bcd.js?body=1" for ::1 at 2015-03-28 18:55:14 -0400


Started GET "/assets/users-fcec5b5a277ac7c20cc9f45a209a3bcd.js?body=1" for ::1 at 2015-03-28 18:55:14 -0400


Started GET "/assets/application-aaf7e43265f5814f26e34fb86e243f80.js?body=1" for ::1 at 2015-03-28 18:55:14 -0400


Started GET "/signup" for ::1 at 2015-03-28 18:55:59 -0400
Processing by UsersController#new as HTML
  Rendered shared/_error_messages.html.erb (0.0ms)
  Rendered users/new.html.erb within layouts/application (4.9ms)
  Rendered layouts/_header.html.erb (20.7ms)
Completed 500 Internal Server Error in 137ms

NoMethodError (undefined method `logged_in?' for #<#<Class:0x007fa5b2672438>:0x007fa5b20840d0>):
  app/views/layouts/_header.html.erb:7:in `_app_views_layouts__header_html_erb___1553467217496967186_70174797259760'
  app/views/layouts/application.html.erb:25:in `_app_views_layouts_application_html_erb___468884507853942358_70174816577440'


  Rendered /Users/xiangpan/.rbenv/versions/2.2.0/lib/ruby/gems/2.2.0/gems/web-console-2.0.0.beta3/lib/action_dispatch/templates/rescues/_source.erb (10.1ms)
  Rendered /Users/xiangpan/.rbenv/versions/2.2.0/lib/ruby/gems/2.2.0/gems/web-console-2.0.0.beta3/lib/action_dispatch/templates/rescues/_trace.html.erb (3.9ms)
  Rendered /Users/xiangpan/.rbenv/versions/2.2.0/lib/ruby/gems/2.2.0/gems/web-console-2.0.0.beta3/lib/action_dispatch/templates/rescues/_request_and_response.html.erb (1.2ms)
  Rendered /Users/xiangpan/.rbenv/versions/2.2.0/lib/ruby/gems/2.2.0/gems/web-console-2.0.0.beta3/lib/action_dispatch/templates/rescues/_web_console.html.erb (1.2ms)
  Rendered /Users/xiangpan/.rbenv/versions/2.2.0/lib/ruby/gems/2.2.0/gems/web-console-2.0.0.beta3/lib/action_dispatch/templates/rescues/diagnostics.html.erb within rescues/layout (122.5ms)
